Determining if the pthread_create exist failed with the following output:
Change Dir: /home/wangnick/Desktop/projects/SoySauce/cmake-build-debug/CMakeFiles/CMakeTmp

Run Build Command:"/usr/bin/make" "cmTC_7e126/fast"
/usr/bin/make -f CMakeFiles/cmTC_7e126.dir/build.make CMakeFiles/cmTC_7e126.dir/build
make[1]: Entering directory '/home/wangnick/Desktop/projects/SoySauce/cmake-build-debug/CMakeFiles/CMakeTmp'
Building C object CMakeFiles/cmTC_7e126.dir/CheckSymbolExists.c.o
/usr/bin/cc    -o CMakeFiles/cmTC_7e126.dir/CheckSymbolExists.c.o   -c /home/wangnick/Desktop/projects/SoySauce/cmake-build-debug/CMakeFiles/CMakeTmp/CheckSymbolExists.c
Linking C executable cmTC_7e126
/home/wangnick/Downloads/clion-2018.1.6/bin/cmake/bin/cmake -E cmake_link_script CMakeFiles/cmTC_7e126.dir/link.txt --verbose=1
/usr/bin/cc      CMakeFiles/cmTC_7e126.dir/CheckSymbolExists.c.o  -o cmTC_7e126 
CMakeFiles/cmTC_7e126.dir/CheckSymbolExists.c.o: In function `main':
CheckSymbolExists.c:(.text+0x16): undefined reference to `pthread_create'
collect2: error: ld returned 1 exit status
CMakeFiles/cmTC_7e126.dir/build.make:97: recipe for target 'cmTC_7e126' failed
make[1]: *** [cmTC_7e126] Error 1
make[1]: Leaving directory '/home/wangnick/Desktop/projects/SoySauce/cmake-build-debug/CMakeFiles/CMakeTmp'
Makefile:126: recipe for target 'cmTC_7e126/fast' failed
make: *** [cmTC_7e126/fast] Error 2

File /home/wangnick/Desktop/projects/SoySauce/cmake-build-debug/CMakeFiles/CMakeTmp/CheckSymbolExists.c:
/* */
#include <pthread.h>

int main(int argc, char** argv)
{
  (void)argv;
#ifndef pthread_create
  return ((int*)(&pthread_create))[argc];
#else
  (void)argc;
  return 0;
#endif
}

Determining if the function pthread_create exists in the pthreads failed with the following output:
Change Dir: /home/wangnick/Desktop/projects/SoySauce/cmake-build-debug/CMakeFiles/CMakeTmp

Run Build Command:"/usr/bin/make" "cmTC_a2647/fast"
/usr/bin/make -f CMakeFiles/cmTC_a2647.dir/build.make CMakeFiles/cmTC_a2647.dir/build
make[1]: Entering directory '/home/wangnick/Desktop/projects/SoySauce/cmake-build-debug/CMakeFiles/CMakeTmp'
Building C object CMakeFiles/cmTC_a2647.dir/CheckFunctionExists.c.o
/usr/bin/cc   -DCHECK_FUNCTION_EXISTS=pthread_create   -o CMakeFiles/cmTC_a2647.dir/CheckFunctionExists.c.o   -c /home/wangnick/Downloads/clion-2018.1.6/bin/cmake/share/cmake-3.10/Modules/CheckFunctionExists.c
Linking C executable cmTC_a2647
/home/wangnick/Downloads/clion-2018.1.6/bin/cmake/bin/cmake -E cmake_link_script CMakeFiles/cmTC_a2647.dir/link.txt --verbose=1
/usr/bin/cc  -DCHECK_FUNCTION_EXISTS=pthread_create    CMakeFiles/cmTC_a2647.dir/CheckFunctionExists.c.o  -o cmTC_a2647 -lpthreads 
/usr/bin/ld: cannot find -lpthreads
collect2: error: ld returned 1 exit status
CMakeFiles/cmTC_a2647.dir/build.make:97: recipe for target 'cmTC_a2647' failed
make[1]: *** [cmTC_a2647] Error 1
make[1]: Leaving directory '/home/wangnick/Desktop/projects/SoySauce/cmake-build-debug/CMakeFiles/CMakeTmp'
Makefile:126: recipe for target 'cmTC_a2647/fast' failed
make: *** [cmTC_a2647/fast] Error 2


